Performing C SOURCE FILE Test CMAKE_HAVE_LIBC_PTHREAD failed with the following output:
Change Dir: /home/subodh/WFH_workspace/MergeNFCIntoP2P/Linux_RFAL_st25r3911_v2.2.0/linux_demo/build/CMakeFiles/CMakeTmp

Run Build Command(s):/usr/bin/make cmTC_a1cf6/fast && /usr/bin/make -f CMakeFiles/cmTC_a1cf6.dir/build.make CMakeFiles/cmTC_a1cf6.dir/build
make[1]: Entering directory '/home/subodh/WFH_workspace/MergeNFCIntoP2P/Linux_RFAL_st25r3911_v2.2.0/linux_demo/build/CMakeFiles/CMakeTmp'
Building C object CMakeFiles/cmTC_a1cf6.dir/src.c.o
/home/subodh/STM32MPU_workspace/STM32MP15-Ecosystem-v2.0.0/Developer-Package/SDK/sysroots/x86_64-ostl_sdk-linux/usr/bin/arm-ostl-linux-gnueabi/arm-ostl-linux-gnueabi-gcc   -mthumb -mfpu=neon-vfpv4 -mfloat-abi=hard -mcpu=cortex-a7 --sysroot=/home/subodh/STM32MPU_workspace/STM32MP15-Ecosystem-v2.0.0/Developer-Package/SDK/sysroots/cortexa7t2hf-neon-vfpv4-ostl-linux-gnueabi --sysroot=/home/subodh/STM32MPU_workspace/STM32MP15-Ecosystem-v2.0.0/Developer-Package/SDK/sysroots/cortexa7t2hf-neon-vfpv4-ostl-linux-gnueabi   -O2 -pipe -g -feliminate-unused-debug-types  -DCMAKE_HAVE_LIBC_PTHREAD   -o CMakeFiles/cmTC_a1cf6.dir/src.c.o   -c /home/subodh/WFH_workspace/MergeNFCIntoP2P/Linux_RFAL_st25r3911_v2.2.0/linux_demo/build/CMakeFiles/CMakeTmp/src.c
Linking C executable cmTC_a1cf6
/home/subodh/STM32MPU_workspace/STM32MP15-Ecosystem-v2.0.0/Developer-Package/SDK/sysroots/x86_64-ostl_sdk-linux/usr/bin/cmake -E cmake_link_script CMakeFiles/cmTC_a1cf6.dir/link.txt --verbose=1
/home/subodh/STM32MPU_workspace/STM32MP15-Ecosystem-v2.0.0/Developer-Package/SDK/sysroots/x86_64-ostl_sdk-linux/usr/bin/arm-ostl-linux-gnueabi/arm-ostl-linux-gnueabi-gcc   -mthumb -mfpu=neon-vfpv4 -mfloat-abi=hard -mcpu=cortex-a7 --sysroot=/home/subodh/STM32MPU_workspace/STM32MP15-Ecosystem-v2.0.0/Developer-Package/SDK/sysroots/cortexa7t2hf-neon-vfpv4-ostl-linux-gnueabi --sysroot=/home/subodh/STM32MPU_workspace/STM32MP15-Ecosystem-v2.0.0/Developer-Package/SDK/sysroots/cortexa7t2hf-neon-vfpv4-ostl-linux-gnueabi  -O2 -pipe -g -feliminate-unused-debug-types  -DCMAKE_HAVE_LIBC_PTHREAD  -Wl,-O1 -Wl,--hash-style=gnu -Wl,--as-needed  -rdynamic CMakeFiles/cmTC_a1cf6.dir/src.c.o  -o cmTC_a1cf6 
/home/subodh/STM32MPU_workspace/STM32MP15-Ecosystem-v2.0.0/Developer-Package/SDK/sysroots/x86_64-ostl_sdk-linux/usr/libexec/arm-ostl-linux-gnueabi/gcc/arm-ostl-linux-gnueabi/9.3.0/real-ld: CMakeFiles/cmTC_a1cf6.dir/src.c.o: in function `main':
/home/subodh/WFH_workspace/MergeNFCIntoP2P/Linux_RFAL_st25r3911_v2.2.0/linux_demo/build/CMakeFiles/CMakeTmp/src.c:11: undefined reference to `pthread_create'
/home/subodh/STM32MPU_workspace/STM32MP15-Ecosystem-v2.0.0/Developer-Package/SDK/sysroots/x86_64-ostl_sdk-linux/usr/libexec/arm-ostl-linux-gnueabi/gcc/arm-ostl-linux-gnueabi/9.3.0/real-ld: /home/subodh/WFH_workspace/MergeNFCIntoP2P/Linux_RFAL_st25r3911_v2.2.0/linux_demo/build/CMakeFiles/CMakeTmp/src.c:12: undefined reference to `pthread_detach'
/home/subodh/STM32MPU_workspace/STM32MP15-Ecosystem-v2.0.0/Developer-Package/SDK/sysroots/x86_64-ostl_sdk-linux/usr/libexec/arm-ostl-linux-gnueabi/gcc/arm-ostl-linux-gnueabi/9.3.0/real-ld: /home/subodh/WFH_workspace/MergeNFCIntoP2P/Linux_RFAL_st25r3911_v2.2.0/linux_demo/build/CMakeFiles/CMakeTmp/src.c:13: undefined reference to `pthread_join'
collect2: error: ld returned 1 exit status
CMakeFiles/cmTC_a1cf6.dir/build.make:86: recipe for target 'cmTC_a1cf6' failed
make[1]: *** [cmTC_a1cf6] Error 1
make[1]: Leaving directory '/home/subodh/WFH_workspace/MergeNFCIntoP2P/Linux_RFAL_st25r3911_v2.2.0/linux_demo/build/CMakeFiles/CMakeTmp'
Makefile:121: recipe for target 'cmTC_a1cf6/fast' failed
make: *** [cmTC_a1cf6/fast] Error 2


Source file was:
#include <pthread.h>

void* test_func(void* data)
{
  return data;
}

int main(void)
{
  pthread_t thread;
  pthread_create(&thread, NULL, test_func, NULL);
  pthread_detach(thread);
  pthread_join(thread, NULL);
  pthread_atfork(NULL, NULL, NULL);
  pthread_exit(NULL);

  return 0;
}

